2020-11-30 16:36:16,359 INFO: Démarrage de petits Gazouillis [in /home/etudiant/projets/projetFinalReact/projetsPython/petits_gazouillis/app/__init__.py:52]
2020-12-01 14:20:42,304 INFO: Démarrage de petits Gazouillis [in /home/etudiant/projets/projetReact/petits_gazouillis/app/__init__.py:52]
2020-12-01 14:28:29,463 INFO: Démarrage de petits Gazouillis [in /home/etudiant/projets/projetReact/petits_gazouillis/app/__init__.py:52]
2020-12-01 14:47:15,857 INFO: Démarrage de petits Gazouillis [in /home/etudiant/projets/projetReact/petits_gazouillis/app/__init__.py:52]
2020-12-01 14:55:45,426 INFO: Démarrage de petits Gazouillis [in /home/etudiant/projets/projetReact/petits_gazouillis/app/__init__.py:52]
2020-12-01 14:58:05,064 INFO: Démarrage de petits Gazouillis [in /home/etudiant/projets/projetReact/petits_gazouillis/app/__init__.py:52]
2020-12-01 14:59:33,751 INFO: Démarrage de petits Gazouillis [in /home/etudiant/projets/projetReact/petits_gazouillis/app/__init__.py:52]
2020-12-01 15:00:02,229 INFO: Démarrage de petits Gazouillis [in /home/etudiant/projets/projetReact/petits_gazouillis/app/__init__.py:52]
2020-12-01 19:50:41,448 INFO: Démarrage de petits Gazouillis [in /home/etudiant/projets/projetFinalReact/petits_gazouillis/app/__init__.py:52]
2020-12-01 19:56:48,618 INFO: Démarrage de petits Gazouillis [in /home/etudiant/projets/projetFinalReact/petits_gazouillis/app/__init__.py:52]
2020-12-02 12:16:47,336 INFO: Démarrage de petits Gazouillis [in /home/etudiant/projets/projetReact/petits_gazouillis/app/__init__.py:52]
<<<<<<< HEAD
2020-12-03 21:19:38,255 INFO: Démarrage de petits Gazouillis [in /home/etudiant/projets/projetReact/petits_gazouillis/app/__init__.py:52]
=======
2020-12-03 19:19:56,265 INFO: Démarrage de petits Gazouillis [in /home/etudiant/projets/projetFinalReact/petits_gazouillis/app/__init__.py:52]
2020-12-03 21:09:11,565 INFO: Démarrage de petits Gazouillis [in /home/etudiant/projets/projetFinalReact/petits_gazouillis/app/__init__.py:52]
2020-12-03 21:12:26,915 INFO: Démarrage de petits Gazouillis [in /home/etudiant/projets/projetFinalReact/petits_gazouillis/app/__init__.py:52]
2020-12-04 11:56:02,426 INFO: Démarrage de petits Gazouillis [in /home/etudiant/projets/projetFinalReact/petits_gazouillis/app/__init__.py:52]
>>>>>>> 6e8c51003fdfca3472dd6f655b1889e7bc93d947
2020-12-04 15:29:00,084 INFO: Démarrage de petits Gazouillis [in /home/etudiant/projets/projetReact/petits_gazouillis/app/__init__.py:52]
2020-12-04 17:27:41,165 INFO: Démarrage de petits Gazouillis [in /home/etudiant/projets/projetReact/petits_gazouillis/app/__init__.py:52]
